Expression	Value	Location	Type	
pBufOut	<array>"OM\b"	0x20000034	unsigned char[256]	
[0]	'O' (0x4F)	0x20000034	unsigned char	
[1]	'M' (0x4D)	0x20000035	unsigned char	
[2]	'\b' (0x08)	0x20000036	unsigned char	
[3]	'\0' (0x00)	0x20000037	unsigned char	
[4]	'€' (0x80)	0x20000038	unsigned char	
[5]	'.' (0x1F)	0x20000039	unsigned char	
[6]	'@' (0x40)	0x2000003A	unsigned char	
[7]	')' (0x29)	0x2000003B	unsigned char	
[8]	'.' (0x01)	0x2000003C	unsigned char	
[9]	'.' (0x04)	0x2000003D	unsigned char	
[10]	'?' (0x8F)	0x2000003E	unsigned char	
[11]	'?' (0xC2)	0x2000003F	unsigned char	
[12]	'u' (0x75)	0x20000040	unsigned char	
[13]	'?' (0x3F)	0x20000041	unsigned char	
[14]	'-' (0x2D)	0x20000042	unsigned char	
[15]	'.' (0x01)	0x20000043	unsigned char	
[16]	'.' (0x04)	0x20000044	unsigned char	
[17]	'?' (0x9E)	0x20000045	unsigned char	
[18]	'?' (0xEF)	0x20000046	unsigned char	
[19]	'?' (0xA7)	0x20000047	unsigned char	
[20]	'=' (0x3D)	0x20000048	unsigned char	
[21]	'1' (0x31)	0x20000049	unsigned char	
[22]	'.' (0x01)	0x2000004A	unsigned char	
[23]	'.' (0x04)	0x2000004B	unsigned char	
[24]	'\0' (0x00)	0x2000004C	unsigned char	
[25]	'\0' (0x00)	0x2000004D	unsigned char	
[26]	'?' (0xAA)	0x2000004E	unsigned char	
[27]	'B' (0x42)	0x2000004F	unsigned char	
[28]	'5' (0x35)	0x20000050	unsigned char	
[29]	'.' (0x01)	0x20000051	unsigned char	
[30]	'.' (0x04)	0x20000052	unsigned char	
[31]	'\f' (0x0C)	0x20000053	unsigned char	
[32]	'?' (0xAE)	0x20000054	unsigned char	
[33]	'.' (0x01)	0x20000055	unsigned char	
[34]	'.' (0x02)	0x20000056	unsigned char	
[35]	'\v' (0x0B)	0x20000057	unsigned char	
[36]	'?' (0xCC)	0x20000058	unsigned char	
[37]	'\0' (0x00)	0x20000059	unsigned char	
[38]	'\0' (0x00)	0x2000005A	unsigned char	
[39]	'\0' (0x00)	0x2000005B	unsigned char	
[40]	'\0' (0x00)	0x2000005C	unsigned char	
[41]	'\0' (0x00)	0x2000005D	unsigned char	
[42]	'\0' (0x00)	0x2000005E	unsigned char	
[43]	'\0' (0x00)	0x2000005F	unsigned char	
[44]	'\0' (0x00)	0x20000060	unsigned char	
[45]	'\0' (0x00)	0x20000061	unsigned char	
[46]	'\0' (0x00)	0x20000062	unsigned char	
[47]	'\0' (0x00)	0x20000063	unsigned char	
[48]	'\0' (0x00)	0x20000064	unsigned char	
[49]	'\0' (0x00)	0x20000065	unsigned char	
[50]	'\0' (0x00)	0x20000066	unsigned char	
[51]	'\0' (0x00)	0x20000067	unsigned char	
[52]	'\0' (0x00)	0x20000068	unsigned char	
[53]	'\0' (0x00)	0x20000069	unsigned char	
[54]	'\0' (0x00)	0x2000006A	unsigned char	
[55]	'\0' (0x00)	0x2000006B	unsigned char	
[56]	'\0' (0x00)	0x2000006C	unsigned char	
[57]	'\0' (0x00)	0x2000006D	unsigned char	
[58]	'\0' (0x00)	0x2000006E	unsigned char	
[59]	'\0' (0x00)	0x2000006F	unsigned char	
[60]	'\0' (0x00)	0x20000070	unsigned char	
[61]	'\0' (0x00)	0x20000071	unsigned char	
[62]	'\0' (0x00)	0x20000072	unsigned char	
[63]	'\0' (0x00)	0x20000073	unsigned char	
[64]	'\0' (0x00)	0x20000074	unsigned char	
[65]	'\0' (0x00)	0x20000075	unsigned char	
[66]	'\0' (0x00)	0x20000076	unsigned char	
[67]	'\0' (0x00)	0x20000077	unsigned char	
[68]	'\0' (0x00)	0x20000078	unsigned char	
[69]	'\0' (0x00)	0x20000079	unsigned char	
[70]	'\0' (0x00)	0x2000007A	unsigned char	
[71]	'\0' (0x00)	0x2000007B	unsigned char	
[72]	'\0' (0x00)	0x2000007C	unsigned char	
[73]	'\0' (0x00)	0x2000007D	unsigned char	
[74]	'\0' (0x00)	0x2000007E	unsigned char	
[75]	'\0' (0x00)	0x2000007F	unsigned char	
[76]	'\0' (0x00)	0x20000080	unsigned char	
[77]	'\0' (0x00)	0x20000081	unsigned char	
[78]	'\0' (0x00)	0x20000082	unsigned char	
[79]	'\0' (0x00)	0x20000083	unsigned char	
[80]	'\0' (0x00)	0x20000084	unsigned char	
[81]	'\0' (0x00)	0x20000085	unsigned char	
[82]	'\0' (0x00)	0x20000086	unsigned char	
[83]	'\0' (0x00)	0x20000087	unsigned char	
[84]	'\0' (0x00)	0x20000088	unsigned char	
[85]	'\0' (0x00)	0x20000089	unsigned char	
[86]	'\0' (0x00)	0x2000008A	unsigned char	
[87]	'\0' (0x00)	0x2000008B	unsigned char	
[88]	'\0' (0x00)	0x2000008C	unsigned char	
[89]	'\0' (0x00)	0x2000008D	unsigned char	
[90]	'\0' (0x00)	0x2000008E	unsigned char	
[91]	'\0' (0x00)	0x2000008F	unsigned char	
[92]	'\0' (0x00)	0x20000090	unsigned char	
[93]	'\0' (0x00)	0x20000091	unsigned char	
[94]	'\0' (0x00)	0x20000092	unsigned char	
[95]	'\0' (0x00)	0x20000093	unsigned char	
[96]	'\0' (0x00)	0x20000094	unsigned char	
[97]	'\0' (0x00)	0x20000095	unsigned char	
[98]	'\0' (0x00)	0x20000096	unsigned char	
[99]	'\0' (0x00)	0x20000097	unsigned char	
[100]	'\0' (0x00)	0x20000098	unsigned char	
[101]	'\0' (0x00)	0x20000099	unsigned char	
[102]	'\0' (0x00)	0x2000009A	unsigned char	
[103]	'\0' (0x00)	0x2000009B	unsigned char	
[104]	'\0' (0x00)	0x2000009C	unsigned char	
[105]	'\0' (0x00)	0x2000009D	unsigned char	
[106]	'\0' (0x00)	0x2000009E	unsigned char	
[107]	'\0' (0x00)	0x2000009F	unsigned char	
[108]	'\0' (0x00)	0x200000A0	unsigned char	
[109]	'\0' (0x00)	0x200000A1	unsigned char	
[110]	'\0' (0x00)	0x200000A2	unsigned char	
[111]	'\0' (0x00)	0x200000A3	unsigned char	
[112]	'\0' (0x00)	0x200000A4	unsigned char	
[113]	'\0' (0x00)	0x200000A5	unsigned char	
[114]	'\0' (0x00)	0x200000A6	unsigned char	
[115]	'\0' (0x00)	0x200000A7	unsigned char	
[116]	'\0' (0x00)	0x200000A8	unsigned char	
[117]	'\0' (0x00)	0x200000A9	unsigned char	
[118]	'\0' (0x00)	0x200000AA	unsigned char	
[119]	'\0' (0x00)	0x200000AB	unsigned char	
[120]	'\0' (0x00)	0x200000AC	unsigned char	
[121]	'\0' (0x00)	0x200000AD	unsigned char	
[122]	'\0' (0x00)	0x200000AE	unsigned char	
[123]	'\0' (0x00)	0x200000AF	unsigned char	
[124]	'\0' (0x00)	0x200000B0	unsigned char	
[125]	'\0' (0x00)	0x200000B1	unsigned char	
[126]	'\0' (0x00)	0x200000B2	unsigned char	
[127]	'\0' (0x00)	0x200000B3	unsigned char	
[128]	'\0' (0x00)	0x200000B4	unsigned char	
[129]	'\0' (0x00)	0x200000B5	unsigned char	
[130]	'\0' (0x00)	0x200000B6	unsigned char	
[131]	'\0' (0x00)	0x200000B7	unsigned char	
[132]	'\0' (0x00)	0x200000B8	unsigned char	
[133]	'\0' (0x00)	0x200000B9	unsigned char	
[134]	'\0' (0x00)	0x200000BA	unsigned char	
[135]	'\0' (0x00)	0x200000BB	unsigned char	
[136]	'\0' (0x00)	0x200000BC	unsigned char	
[137]	'\0' (0x00)	0x200000BD	unsigned char	
[138]	'\0' (0x00)	0x200000BE	unsigned char	
[139]	'\0' (0x00)	0x200000BF	unsigned char	
[140]	'\0' (0x00)	0x200000C0	unsigned char	
[141]	'\0' (0x00)	0x200000C1	unsigned char	
[142]	'\0' (0x00)	0x200000C2	unsigned char	
[143]	'\0' (0x00)	0x200000C3	unsigned char	
[144]	'\0' (0x00)	0x200000C4	unsigned char	
[145]	'\0' (0x00)	0x200000C5	unsigned char	
[146]	'\0' (0x00)	0x200000C6	unsigned char	
[147]	'\0' (0x00)	0x200000C7	unsigned char	
[148]	'\0' (0x00)	0x200000C8	unsigned char	
[149]	'\0' (0x00)	0x200000C9	unsigned char	
[150]	'\0' (0x00)	0x200000CA	unsigned char	
[151]	'\0' (0x00)	0x200000CB	unsigned char	
[152]	'\0' (0x00)	0x200000CC	unsigned char	
[153]	'\0' (0x00)	0x200000CD	unsigned char	
[154]	'\0' (0x00)	0x200000CE	unsigned char	
[155]	'\0' (0x00)	0x200000CF	unsigned char	
[156]	'\0' (0x00)	0x200000D0	unsigned char	
[157]	'\0' (0x00)	0x200000D1	unsigned char	
[158]	'\0' (0x00)	0x200000D2	unsigned char	
[159]	'\0' (0x00)	0x200000D3	unsigned char	
[160]	'\0' (0x00)	0x200000D4	unsigned char	
[161]	'\0' (0x00)	0x200000D5	unsigned char	
[162]	'\0' (0x00)	0x200000D6	unsigned char	
[163]	'\0' (0x00)	0x200000D7	unsigned char	
[164]	'\0' (0x00)	0x200000D8	unsigned char	
[165]	'\0' (0x00)	0x200000D9	unsigned char	
[166]	'\0' (0x00)	0x200000DA	unsigned char	
[167]	'\0' (0x00)	0x200000DB	unsigned char	
[168]	'\0' (0x00)	0x200000DC	unsigned char	
[169]	'\0' (0x00)	0x200000DD	unsigned char	
[170]	'\0' (0x00)	0x200000DE	unsigned char	
[171]	'\0' (0x00)	0x200000DF	unsigned char	
[172]	'\0' (0x00)	0x200000E0	unsigned char	
[173]	'\0' (0x00)	0x200000E1	unsigned char	
[174]	'\0' (0x00)	0x200000E2	unsigned char	
[175]	'\0' (0x00)	0x200000E3	unsigned char	
[176]	'\0' (0x00)	0x200000E4	unsigned char	
[177]	'\0' (0x00)	0x200000E5	unsigned char	
[178]	'\0' (0x00)	0x200000E6	unsigned char	
[179]	'\0' (0x00)	0x200000E7	unsigned char	
[180]	'\0' (0x00)	0x200000E8	unsigned char	
[181]	'\0' (0x00)	0x200000E9	unsigned char	
[182]	'\0' (0x00)	0x200000EA	unsigned char	
[183]	'\0' (0x00)	0x200000EB	unsigned char	
[184]	'\0' (0x00)	0x200000EC	unsigned char	
[185]	'\0' (0x00)	0x200000ED	unsigned char	
[186]	'\0' (0x00)	0x200000EE	unsigned char	
[187]	'\0' (0x00)	0x200000EF	unsigned char	
[188]	'\0' (0x00)	0x200000F0	unsigned char	
[189]	'\0' (0x00)	0x200000F1	unsigned char	
[190]	'\0' (0x00)	0x200000F2	unsigned char	
[191]	'\0' (0x00)	0x200000F3	unsigned char	
[192]	'\0' (0x00)	0x200000F4	unsigned char	
[193]	'\0' (0x00)	0x200000F5	unsigned char	
[194]	'\0' (0x00)	0x200000F6	unsigned char	
[195]	'\0' (0x00)	0x200000F7	unsigned char	
[196]	'\0' (0x00)	0x200000F8	unsigned char	
[197]	'\0' (0x00)	0x200000F9	unsigned char	
[198]	'\0' (0x00)	0x200000FA	unsigned char	
[199]	'\0' (0x00)	0x200000FB	unsigned char	
[200]	'\0' (0x00)	0x200000FC	unsigned char	
[201]	'\0' (0x00)	0x200000FD	unsigned char	
[202]	'\0' (0x00)	0x200000FE	unsigned char	
[203]	'\0' (0x00)	0x200000FF	unsigned char	
[204]	'\0' (0x00)	0x20000100	unsigned char	
[205]	'\0' (0x00)	0x20000101	unsigned char	
[206]	'\0' (0x00)	0x20000102	unsigned char	
[207]	'\0' (0x00)	0x20000103	unsigned char	
[208]	'\0' (0x00)	0x20000104	unsigned char	
[209]	'\0' (0x00)	0x20000105	unsigned char	
[210]	'\0' (0x00)	0x20000106	unsigned char	
[211]	'\0' (0x00)	0x20000107	unsigned char	
[212]	'\0' (0x00)	0x20000108	unsigned char	
[213]	'\0' (0x00)	0x20000109	unsigned char	
[214]	'\0' (0x00)	0x2000010A	unsigned char	
[215]	'\0' (0x00)	0x2000010B	unsigned char	
[216]	'\0' (0x00)	0x2000010C	unsigned char	
[217]	'\0' (0x00)	0x2000010D	unsigned char	
[218]	'\0' (0x00)	0x2000010E	unsigned char	
[219]	'\0' (0x00)	0x2000010F	unsigned char	
[220]	'\0' (0x00)	0x20000110	unsigned char	
[221]	'\0' (0x00)	0x20000111	unsigned char	
[222]	'\0' (0x00)	0x20000112	unsigned char	
[223]	'\0' (0x00)	0x20000113	unsigned char	
[224]	'\0' (0x00)	0x20000114	unsigned char	
[225]	'\0' (0x00)	0x20000115	unsigned char	
[226]	'\0' (0x00)	0x20000116	unsigned char	
[227]	'\0' (0x00)	0x20000117	unsigned char	
[228]	'\0' (0x00)	0x20000118	unsigned char	
[229]	'\0' (0x00)	0x20000119	unsigned char	
[230]	'\0' (0x00)	0x2000011A	unsigned char	
[231]	'\0' (0x00)	0x2000011B	unsigned char	
[232]	'\0' (0x00)	0x2000011C	unsigned char	
[233]	'\0' (0x00)	0x2000011D	unsigned char	
[234]	'\0' (0x00)	0x2000011E	unsigned char	
[235]	'\0' (0x00)	0x2000011F	unsigned char	
[236]	'\0' (0x00)	0x20000120	unsigned char	
[237]	'\0' (0x00)	0x20000121	unsigned char	
[238]	'\0' (0x00)	0x20000122	unsigned char	
[239]	'\0' (0x00)	0x20000123	unsigned char	
[240]	'\0' (0x00)	0x20000124	unsigned char	
[241]	'\0' (0x00)	0x20000125	unsigned char	
[242]	'\0' (0x00)	0x20000126	unsigned char	
[243]	'\0' (0x00)	0x20000127	unsigned char	
[244]	'\0' (0x00)	0x20000128	unsigned char	
[245]	'\0' (0x00)	0x20000129	unsigned char	
[246]	'\0' (0x00)	0x2000012A	unsigned char	
[247]	'\0' (0x00)	0x2000012B	unsigned char	
[248]	'\0' (0x00)	0x2000012C	unsigned char	
[249]	'\0' (0x00)	0x2000012D	unsigned char	
[250]	'\0' (0x00)	0x2000012E	unsigned char	
[251]	'\0' (0x00)	0x2000012F	unsigned char	
[252]	'\0' (0x00)	0x20000130	unsigned char	
[253]	'\0' (0x00)	0x20000131	unsigned char	
[254]	'\0' (0x00)	0x20000132	unsigned char	
[255]	'\0' (0x00)	0x20000133	unsigned char	
